Build started 2014-03-21 13:07:33.
     1>Project "D:\Studia\High Flyers\QUADRO_IMAV_2013\trunk\src\ImavHFGcs\Algorithms\Algorithms.vcxproj" on node 2 (build target(s)).
     1>InitializeBuildStatus:
         Touching "Release\Algorithms.unsuccessfulbuild".
       GenerateTargetFrameworkMonikerAttribute:
       Skipping target "GenerateTargetFrameworkMonikerAttribute" because all output files are up-to-date with respect to the input files.
       ClCompile:
         All outputs are up-to-date.
         All outputs are up-to-date.
         All outputs are up-to-date.
       ResourceCompile:
         All outputs are up-to-date.
       Link:
         C:\Program Files (x86)\Microsoft Visual Studio 10.0\VC\bin\link.exe /ERRORREPORT:PROMPT /OUT:"D:\Studia\High Flyers\QUADRO_IMAV_2013\trunk\src\ImavHFGcs\Release\Algorithms.dll" /INCREMENTAL:NO /NOLOGO /LIBPATH:..\libs\zbar\lib /LIBPATH:..\libs\opencv\lib "libzbar-0.lib" opencv_core245.lib opencv_imgproc245.lib opencv_highgui245.lib opencv_ml245.lib opencv_video245.lib opencv_features2d245.lib opencv_calib3d245.lib opencv_objdetect245.lib opencv_contrib245.lib opencv_legacy245.lib opencv_flann245.lib kernel32.lib user32.lib gdi32.lib winspool.lib comdlg32.lib advapi32.lib shell32.lib ole32.lib oleaut32.lib uuid.lib odbc32.lib odbccp32.lib /MANIFEST /ManifestFile:"Release\Algorithms.dll.intermediate.manifest" /MANIFESTUAC:"level='asInvoker' uiAccess='false'" /DEBUG /PDB:"D:\Studia\High Flyers\QUADRO_IMAV_2013\trunk\src\ImavHFGcs\Release\Algorithms.pdb" /TLBID:1 /DYNAMICBASE /FIXED:NO /NXCOMPAT /MACHINE:X86 /DLL Release\app.res
         Release\AssemblyInfo.obj
         Release\DummyMission.obj
         Release\main.obj
         Release\QRCode.obj
         Release\Stdafx.obj
         "Release\.NETFramework,Version=v4.0.AssemblyAttributes.obj"
     1>LINK : fatal error LNK1123: failure during conversion to COFF: file invalid or corrupt
     1>Done Building Project "D:\Studia\High Flyers\QUADRO_IMAV_2013\trunk\src\ImavHFGcs\Algorithms\Algorithms.vcxproj" (build target(s)) -- FAILED.

Build FAILED.

Time Elapsed 00:00:00.42
